<?xml version="1.0" encoding="UTF-8"?>
<testsuite name="ch.circadia.tracker.core.domain.DayBucketingTest" tests="4" skipped="0" failures="0" errors="0" timestamp="2026-09-07T08:43:47.093Z" hostname="TIZIANGAMINLAPT" time="0.003">
  <properties/>
  <testcase name="Zuordnung nach Tagesgrenze bleibt am selben Tag()" classname="ch.circadia.tracker.core.domain.DayBucketingTest" time="0.001"/>
  <testcase name="Naechster Bucket-Start ueber Winterzeitumstellung behaelt lokale Uhrzeit()" classname="ch.circadia.tracker.core.domain.DayBucketingTest" time="0.0"/>
  <testcase name="Zuordnung vor Tagesgrenze geht zum Vortag()" classname="ch.circadia.tracker.core.domain.DayBucketingTest" time="0.001"/>
  <testcase name="Naechster Bucket-Start ueber Sommerzeitumstellung behaelt lokale Uhrzeit()" classname="ch.circadia.tracker.core.domain.DayBucketingTest" time="0.0"/>
  <system-out><![CDATA[]]></system-out>
  <system-err><![CDATA[]]></system-err>
</testsuite>
